This is pdfTeX, Version 3.14159265-2.6-1.40.16 (TeX Live 2015/Arch Linux) (preloaded format=pdflatex 2015.11.15)  6 JUN 2016 19:36
entering extended mode
 restricted \write18 enabled.
 %&-line parsing enabled.
**W-BKSAMP.TEX
(./W-BKSAMP.TEX
LaTeX2e <2015/10/01> patch level 2
Babel <3.9m> and hyphenation patterns for 79 languages loaded.
(./WileySev.cls


 Wiley Book Style, Design No.: SD 001C
 and SD 004B
 
 Written by Amy Hendrickson, TeXnology, Inc.
 
 This version is dated Feb 16, 2011


\phspace=\dimen102
\SpaceAboveChapterNumber=\dimen103
\savefootnotenumber=\count79
\ftnum=\count80
\saveftnum=\count81
\c@chapapp=\count82
\c@part=\count83
\c@chapter=\count84
\c@section=\count85
\c@subsection=\count86
\c@subsubsection=\count87
\c@paragraph=\count88
\c@subparagraph=\count89
\c@figure=\count90
\c@table=\count91
\abovecaptionskip=\skip41
\belowcaptionskip=\skip42
\partskip=\skip43
\tabandfigskip=\skip44
\footnum=\count92
\savefootnum=\count93
\@indexfile=\write3
\openout3 = `W-BKSAMP.idx'.

Writing index file W-BKSAMP.idx
\iletterskip=\skip45
\timing=\count94
\hourcount=\count95
\oldtime=\count96
\probcount=\count97
\subprobcount=\count98
\c@subproblem=\count99
\c@subproblem=\count100
\widthofcropmarks=\dimen104
\raisetopcropmarks=\dimen105
\raisebottomcropmarks=\dimen106
\movecropmarksright=\dimen107
\c@theorem=\count101
\c@appfootnote=\count102
\slugwidth=\dimen108
\slugheight=\dimen109
\slugdepth=\dimen110
\c@exampnum=\count103
\c@algo=\count104
\c@algorithm=\count105
\chapskip=\dimen111
\chapheight=\dimen112
\authorskip=\dimen113
) (/usr/share/texmf-dist/tex/latex/graphics/graphicx.sty
Package: graphicx 2014/10/28 v1.0g Enhanced LaTeX Graphics (DPC,SPQR)

(/usr/share/texmf-dist/tex/latex/graphics/keyval.sty
Package: keyval 2014/10/28 v1.15 key=value parser (DPC)
\KV@toks@=\toks14
)
(/usr/share/texmf-dist/tex/latex/graphics/graphics.sty
Package: graphics 2014/10/28 v1.0p Standard LaTeX Graphics (DPC,SPQR)

(/usr/share/texmf-dist/tex/latex/graphics/trig.sty
Package: trig 1999/03/16 v1.09 sin cos tan (DPC)
)
(/usr/share/texmf-dist/tex/latex/latexconfig/graphics.cfg
File: graphics.cfg 2010/04/23 v1.9 graphics configuration of TeX Live
)
Package graphics Info: Driver file: pdftex.def on input line 94.

(/usr/share/texmf-dist/tex/latex/pdftex-def/pdftex.def
File: pdftex.def 2011/05/27 v0.06d Graphics/color for pdfTeX

(/usr/share/texmf-dist/tex/generic/oberdiek/infwarerr.sty
Package: infwarerr 2010/04/08 v1.3 Providing info/warning/error messages (HO)
)
(/usr/share/texmf-dist/tex/generic/oberdiek/ltxcmds.sty
Package: ltxcmds 2011/11/09 v1.22 LaTeX kernel commands for general use (HO)
)
\Gread@gobject=\count106
))
\Gin@req@height=\dimen114
\Gin@req@width=\dimen115
) (./w-bookps.sty


 Using PostScript Fonts

 Wiley Monograph/Edited Book Style
 Feb 16, 2012

 
)
\sectsavebox=\box26
LaTeX Font Info:    External font `cmex10' loaded for size
(Font)              <7> on input line 93.
LaTeX Font Info:    External font `cmex10' loaded for size
(Font)              <5> on input line 93.
 (./W-BKSAMP.aux)
\openout1 = `W-BKSAMP.aux'.

LaTeX Font Info:    Checking defaults for OML/cmm/m/it on input line 98.
LaTeX Font Info:    ... okay on input line 98.
LaTeX Font Info:    Checking defaults for T1/cmr/m/n on input line 98.
LaTeX Font Info:    ... okay on input line 98.
LaTeX Font Info:    Checking defaults for OT1/cmr/m/n on input line 98.
LaTeX Font Info:    ... okay on input line 98.
LaTeX Font Info:    Checking defaults for OMS/cmsy/m/n on input line 98.
LaTeX Font Info:    ... okay on input line 98.
LaTeX Font Info:    Checking defaults for OMX/cmex/m/n on input line 98.
LaTeX Font Info:    ... okay on input line 98.
LaTeX Font Info:    Checking defaults for U/cmr/m/n on input line 98.
LaTeX Font Info:    ... okay on input line 98.
LaTeX Font Info:    Try loading font information for OT1+ptm on input line 98.
 (/usr/share/texmf-dist/tex/latex/psnfss/ot1ptm.fd
File: ot1ptm.fd 2001/06/04 font definitions for OT1/ptm.
)
(/usr/share/texmf-dist/tex/context/base/supp-pdf.mkii
[Loading MPS to PDF converter (version 2006.09.02).]
\scratchcounter=\count107
\scratchdimen=\dimen116
\scratchbox=\box27
\nofMPsegments=\count108
\nofMParguments=\count109
\everyMPshowfont=\toks15
\MPscratchCnt=\count110
\MPscratchDim=\dimen117
\MPnumerator=\count111
\makeMPintoPDFobject=\count112
\everyMPtoPDFconversion=\toks16
) (/usr/share/texmf-dist/tex/generic/oberdiek/pdftexcmds.sty
Package: pdftexcmds 2011/11/29 v0.20 Utility functions of pdfTeX for LuaTeX (HO
)

(/usr/share/texmf-dist/tex/generic/oberdiek/ifluatex.sty
Package: ifluatex 2010/03/01 v1.3 Provides the ifluatex switch (HO)
Package ifluatex Info: LuaTeX not detected.
)
(/usr/share/texmf-dist/tex/generic/oberdiek/ifpdf.sty
Package: ifpdf 2011/01/30 v2.3 Provides the ifpdf switch (HO)
Package ifpdf Info: pdfTeX in PDF mode is detected.
)
Package pdftexcmds Info: LuaTeX not detected.
Package pdftexcmds Info: \pdf@primitive is available.
Package pdftexcmds Info: \pdf@ifprimitive is available.
Package pdftexcmds Info: \pdfdraftmode found.
)
(/usr/share/texmf-dist/tex/latex/oberdiek/epstopdf-base.sty
Package: epstopdf-base 2010/02/09 v2.5 Base part for package epstopdf

(/usr/share/texmf-dist/tex/latex/oberdiek/grfext.sty
Package: grfext 2010/08/19 v1.1 Manage graphics extensions (HO)

(/usr/share/texmf-dist/tex/generic/oberdiek/kvdefinekeys.sty
Package: kvdefinekeys 2011/04/07 v1.3 Define keys (HO)
))
(/usr/share/texmf-dist/tex/latex/oberdiek/kvoptions.sty
Package: kvoptions 2011/06/30 v3.11 Key value format for package options (HO)

(/usr/share/texmf-dist/tex/generic/oberdiek/kvsetkeys.sty
Package: kvsetkeys 2012/04/25 v1.16 Key value parser (HO)

(/usr/share/texmf-dist/tex/generic/oberdiek/etexcmds.sty
Package: etexcmds 2011/02/16 v1.5 Avoid name clashes with e-TeX commands (HO)
Package etexcmds Info: Could not find \expanded.
(etexcmds)             That can mean that you are not using pdfTeX 1.50 or
(etexcmds)             that some package has redefined \expanded.
(etexcmds)             In the latter case, load this package earlier.
)))
Package grfext Info: Graphics extension search list:
(grfext)             [.png,.pdf,.jpg,.mps,.jpeg,.jbig2,.jb2,.PNG,.PDF,.JPG,.JPE
G,.JBIG2,.JB2,.eps]
(grfext)             \AppendGraphicsExtensions on input line 452.

(/usr/share/texmf-dist/tex/latex/latexconfig/epstopdf-sys.cfg
File: epstopdf-sys.cfg 2010/07/13 v1.3 Configuration of (r)epstopdf for TeX Liv
e
))
LaTeX Font Info:    Font shape `OT1/ptm/bx/n' in size <17.28> not available
(Font)              Font shape `OT1/ptm/b/n' tried instead on input line 117.
 [1{/var/lib/texmf/fonts/map/pdftex/updmap/pdftex.map}] [2]
LaTeX Font Info:    Font shape `OT1/ptm/bx/n' in size <24.88> not available
(Font)              Font shape `OT1/ptm/b/n' tried instead on input line 119.

<wileylogo.pdf, id=10, 292.09125pt x 64.24pt>
File: wileylogo.pdf Graphic file (type pdf)
 <use wileylogo.pdf>
Package pdftex.def Info: wileylogo.pdf used on input line 119.
(pdftex.def)             Requested size: 122.85876pt x 27.0208pt.
 [3 <./wileylogo.pdf>]
LaTeX Font Info:    Try loading font information for OMS+ptm on input line 134.

 (/usr/share/texmf-dist/tex/latex/psnfss/omsptm.fd
File: omsptm.fd 
)
LaTeX Font Info:    Font shape `OMS/ptm/m/n' in size <7> not available
(Font)              Font shape `OMS/cmsy/m/n' tried instead on input line 134.

Underfull \hbox (badness 10000) in paragraph at lines 134--134

 []


Underfull \hbox (badness 10000) in paragraph at lines 134--134

 []

[4] [5

]
LaTeX Font Info:    Font shape `OT1/ptm/bx/n' in size <14.4> not available
(Font)              Font shape `OT1/ptm/b/n' tried instead on input line 140.
 [5] [6

]
No file W-BKSAMP.toc.
[7] [8

]
No file W-BKSAMP.toc.
\tf@toc=\write4
\openout4 = `W-BKSAMP.toc'.

[9] [10

]
No file W-BKSAMP.lof.
\tf@lof=\write5
\openout5 = `W-BKSAMP.lof'.

[11] [12

]
No file W-BKSAMP.lot.
\tf@lot=\write6
\openout6 = `W-BKSAMP.lot'.

[13] [14

] [15] [16

] [17] [18

] [19] [20

]
LaTeX Font Info:    Font shape `OMS/ptm/m/n' in size <8> not available
(Font)              Font shape `OMS/cmsy/m/n' tried instead on input line 193.
 [21] [22

] [23] [24

] [25] [26

]
LaTeX Font Info:    Font shape `OT1/ptm/bx/n' in size <12> not available
(Font)              Font shape `OT1/ptm/b/n' tried instead on input line 245.
LaTeX Font Info:    Font shape `OT1/ptm/bx/n' in size <9> not available
(Font)              Font shape `OT1/ptm/b/n' tried instead on input line 248.
 [27]
[28

]
LaTeX Font Info:    External font `cmex10' loaded for size
(Font)              <14.4> on input line 264.
 [1] [2

]
Chapter 1.
LaTeX Font Info:    Font shape `OT1/ptm/bx/n' in size <10> not available
(Font)              Font shape `OT1/ptm/b/n' tried instead on input line 294.
[3]
LaTeX Font Info:    External font `cmex10' loaded for size
(Font)              <12> on input line 321.
LaTeX Font Info:    External font `cmex10' loaded for size
(Font)              <8> on input line 321.
LaTeX Font Info:    External font `cmex10' loaded for size
(Font)              <6> on input line 321.

Underfull \hbox (badness 10000) has occurred while \output is active
[]
 []

[4]
Chapter 2.

Underfull \vbox (badness 10000) detected at line 347
 []

[5

] [6

]
Chapter 3.

Overfull \hbox (0.48613pt too wide) detected at line 360
$[]$
 []


Overfull \hbox (0.48613pt too wide) detected at line 360
$[]$
 []


Underfull \vbox (badness 10000) detected at line 360
 []

[7]
LaTeX Font Info:    External font `cmex10' loaded for size
(Font)              <9> on input line 396.
LaTeX Font Info:    Try loading font information for OT1+pcr on input line 444.

 (/usr/share/texmf-dist/tex/latex/psnfss/ot1pcr.fd
File: ot1pcr.fd 2001/06/04 font definitions for OT1/pcr.
)
Underfull \hbox (badness 10000) has occurred while \output is active
[]
 []

[8]
LaTeX Font Info:    Font shape `OT1/ptm/bx/n' in size <8> not available
(Font)              Font shape `OT1/ptm/b/n' tried instead on input line 491.

Underfull \hbox (badness 10000) has occurred while \output is active
[]
 []

[9]
Underfull \hbox (badness 10000) has occurred while \output is active
[]
 []

[10]
Underfull \hbox (badness 10000) has occurred while \output is active
[]
 []

[11]
Underfull \hbox (badness 10000) has occurred while \output is active
[]
 []

[12] [13

] [14

] [15] [16

] [17] [18

] [19] [20

] [21] [22

]
No file W-BKSAMP.ind.
(./W-BKSAMP.aux)

LaTeX Warning: Label(s) may have changed. Rerun to get cross-references right.

 ) 
Here is how much of TeX's memory you used:
 2047 strings out of 493054
 26886 string characters out of 6140585
 97201 words of memory out of 5000000
 5498 multiletter control sequences out of 15000+600000
 76640 words of font info for 143 fonts, out of 8000000 for 9000
 1141 hyphenation exceptions out of 8191
 38i,13n,23p,274b,328s stack positions out of 5000i,500n,10000p,200000b,80000s
{/usr/share/texmf-dist/fonts/enc/dvips/base/8r.enc}</usr/share/texmf-dist/fon
ts/type1/public/amsfonts/cm/cmcsc10.pfb></usr/share/texmf-dist/fonts/type1/publ
ic/amsfonts/cm/cmex10.pfb></usr/share/texmf-dist/fonts/type1/public/amsfonts/cm
/cmmi10.pfb></usr/share/texmf-dist/fonts/type1/public/amsfonts/cm/cmmi6.pfb></u
sr/share/texmf-dist/fonts/type1/public/amsfonts/cm/cmmi7.pfb></usr/share/texmf-
dist/fonts/type1/public/amsfonts/cm/cmmi8.pfb></usr/share/texmf-dist/fonts/type
1/public/amsfonts/cm/cmmi9.pfb></usr/share/texmf-dist/fonts/type1/public/amsfon
ts/cm/cmmib10.pfb></usr/share/texmf-dist/fonts/type1/public/amsfonts/cmextra/cm
mib7.pfb></usr/share/texmf-dist/fonts/type1/public/amsfonts/cm/cmr10.pfb></usr/
share/texmf-dist/fonts/type1/public/amsfonts/cm/cmr6.pfb></usr/share/texmf-dist
/fonts/type1/public/amsfonts/cm/cmr7.pfb></usr/share/texmf-dist/fonts/type1/pub
lic/amsfonts/cm/cmr8.pfb></usr/share/texmf-dist/fonts/type1/public/amsfonts/cm/
cmr9.pfb></usr/share/texmf-dist/fonts/type1/public/amsfonts/cm/cmsy10.pfb></usr
/share/texmf-dist/fonts/type1/public/amsfonts/cm/cmsy6.pfb></usr/share/texmf-di
st/fonts/type1/public/amsfonts/cm/cmsy7.pfb></usr/share/texmf-dist/fonts/type1/
public/amsfonts/cm/cmsy8.pfb></usr/share/texmf-dist/fonts/type1/urw/courier/ucr
r8a.pfb></usr/share/texmf-dist/fonts/type1/urw/helvetic/uhvb8a.pfb></usr/share/
texmf-dist/fonts/type1/urw/helvetic/uhvbo8a.pfb></usr/share/texmf-dist/fonts/ty
pe1/urw/helvetic/uhvr8a.pfb></usr/share/texmf-dist/fonts/type1/urw/helvetic/uhv
ro8a.pfb></usr/share/texmf-dist/fonts/type1/urw/times/utmb8a.pfb></usr/share/te
xmf-dist/fonts/type1/urw/times/utmbi8a.pfb></usr/share/texmf-dist/fonts/type1/u
rw/times/utmr8a.pfb></usr/share/texmf-dist/fonts/type1/urw/times/utmri8a.pfb>
Output written on W-BKSAMP.pdf (51 pages, 1128978 bytes).
PDF statistics:
 293 PDF objects out of 1000 (max. 8388607)
 201 compressed objects within 3 object streams
 0 named destinations out of 1000 (max. 500000)
 6 words of extra memory for PDF output out of 10000 (max. 10000000)

